<?xml version="1.0" encoding="UTF-8"?>
<testng-results ignored="4" total="8" passed="0" failed="0" skipped="4">
  <reporter-output>
  </reporter-output>
  <suite started-at="2026-06-06T15:45:23 EET" name="Default suite" finished-at="2026-06-06T15:45:28 EET" duration-ms="4983">
    <groups>
    </groups>
    <test started-at="2026-06-06T15:45:23 EET" name="Default test" finished-at="2026-06-06T15:45:28 EET" duration-ms="4983">
      <class name="MyPackage.MyTestCases">
        <test-method is-config="true" signature="mySetup()[pri:0, instance:MyPackage.MyTestCases@5b068087]" started-at="2026-06-06T15:45:23 EET" name="mySetup" finished-at="2026-06-06T15:45:28 EET" duration-ms="4877" status="FAIL">
          <exception class="java.sql.SQLException">
            <message>
              <![CDATA[Access denied for user 'root'@'localhost' (using password: YES)]]>
            </message>
            <full-stacktrace>
              <![CDATA[java.sql.SQLException: Access denied for user 'root'@'localhost' (using password: YES)
at com.mysql.cj.jdbc.exceptions.SQLError.createSQLException(SQLError.java:121)
at com.mysql.cj.jdbc.exceptions.SQLExceptionsMapping.translateException(SQLExceptionsMapping.java:114)
at com.mysql.cj.jdbc.ConnectionImpl.createNewIO(ConnectionImpl.java:840)
at com.mysql.cj.jdbc.ConnectionImpl.<init>(ConnectionImpl.java:416)
at com.mysql.cj.jdbc.ConnectionImpl.getInstance(ConnectionImpl.java:237)
at com.mysql.cj.jdbc.NonRegisteringDriver.connect(NonRegisteringDriver.java:180)
at java.sql/java.sql.DriverManager.getConnection(DriverManager.java:683)
at java.sql/java.sql.DriverManager.getConnection(DriverManager.java:230)
at MyPackage.MyTestCases.mySetup(MyTestCases.java:52)
at java.base/jdk.internal.reflect.DirectMethodHandleAccessor.invoke(DirectMethodHandleAccessor.java:103)
at java.base/java.lang.reflect.Method.invoke(Method.java:580)
at org.testng.internal.invokers.MethodInvocationHelper.invokeMethod(MethodInvocationHelper.java:141)
at org.testng.internal.invokers.MethodInvocationHelper.invokeMethodConsideringTimeout(MethodInvocationHelper.java:71)
at org.testng.internal.invokers.ConfigInvoker.invokeConfigurationMethod(ConfigInvoker.java:400)
at org.testng.internal.invokers.ConfigInvoker.invokeConfigurations(ConfigInvoker.java:333)
at org.testng.TestRunner.invokeTestConfigurations(TestRunner.java:657)
at org.testng.TestRunner.beforeRun(TestRunner.java:646)
at org.testng.TestRunner.run(TestRunner.java:612)
at org.testng.SuiteRunner.runTest(SuiteRunner.java:421)
at org.testng.SuiteRunner.runSequentially(SuiteRunner.java:413)
at org.testng.SuiteRunner.privateRun(SuiteRunner.java:373)
at org.testng.SuiteRunner.run(SuiteRunner.java:312)
at org.testng.SuiteRunnerWorker.runSuite(SuiteRunnerWorker.java:52)
at org.testng.SuiteRunnerWorker.run(SuiteRunnerWorker.java:95)
at org.testng.TestNG.runSuitesSequentially(TestNG.java:1274)
at org.testng.TestNG.runSuitesLocally(TestNG.java:1208)
at org.testng.TestNG.runSuites(TestNG.java:1112)
at org.testng.TestNG.run(TestNG.java:1079)
at org.testng.remote.AbstractRemoteTestNG.run(AbstractRemoteTestNG.java:115)
at org.testng.remote.RemoteTestNG.initAndRun(RemoteTestNG.java:293)
at org.testng.remote.RemoteTestNG.main(RemoteTestNG.java:91)
]]>
            </full-stacktrace>
          </exception> <!-- java.sql.SQLException -->
          <reporter-output>
          </reporter-output>
        </test-method> <!-- mySetup -->
        <test-method signature="readData()[pri:4, instance:MyPackage.MyTestCases@5b068087]" started-at="2026-06-06T15:45:28 EET" name="readData" finished-at="2026-06-06T15:45:28 EET" duration-ms="0" status="SKIP">
          <exception class="java.sql.SQLException">
            <message>
              <![CDATA[Access denied for user 'root'@'localhost' (using password: YES)]]>
            </message>
            <full-stacktrace>
              <![CDATA[java.sql.SQLException: Access denied for user 'root'@'localhost' (using password: YES)
at com.mysql.cj.jdbc.exceptions.SQLError.createSQLException(SQLError.java:121)
at com.mysql.cj.jdbc.exceptions.SQLExceptionsMapping.translateException(SQLExceptionsMapping.java:114)
at com.mysql.cj.jdbc.ConnectionImpl.createNewIO(ConnectionImpl.java:840)
at com.mysql.cj.jdbc.ConnectionImpl.<init>(ConnectionImpl.java:416)
at com.mysql.cj.jdbc.ConnectionImpl.getInstance(ConnectionImpl.java:237)
at com.mysql.cj.jdbc.NonRegisteringDriver.connect(NonRegisteringDriver.java:180)
at java.sql/java.sql.DriverManager.getConnection(DriverManager.java:683)
at java.sql/java.sql.DriverManager.getConnection(DriverManager.java:230)
at MyPackage.MyTestCases.mySetup(MyTestCases.java:52)
at java.base/jdk.internal.reflect.DirectMethodHandleAccessor.invoke(DirectMethodHandleAccessor.java:103)
at java.base/java.lang.reflect.Method.invoke(Method.java:580)
at org.testng.internal.invokers.MethodInvocationHelper.invokeMethod(MethodInvocationHelper.java:141)
at org.testng.internal.invokers.MethodInvocationHelper.invokeMethodConsideringTimeout(MethodInvocationHelper.java:71)
at org.testng.internal.invokers.ConfigInvoker.invokeConfigurationMethod(ConfigInvoker.java:400)
at org.testng.internal.invokers.ConfigInvoker.invokeConfigurations(ConfigInvoker.java:333)
at org.testng.TestRunner.invokeTestConfigurations(TestRunner.java:657)
at org.testng.TestRunner.beforeRun(TestRunner.java:646)
at org.testng.TestRunner.run(TestRunner.java:612)
at org.testng.SuiteRunner.runTest(SuiteRunner.java:421)
at org.testng.SuiteRunner.runSequentially(SuiteRunner.java:413)
at org.testng.SuiteRunner.privateRun(SuiteRunner.java:373)
at org.testng.SuiteRunner.run(SuiteRunner.java:312)
at org.testng.SuiteRunnerWorker.runSuite(SuiteRunnerWorker.java:52)
at org.testng.SuiteRunnerWorker.run(SuiteRunnerWorker.java:95)
at org.testng.TestNG.runSuitesSequentially(TestNG.java:1274)
at org.testng.TestNG.runSuitesLocally(TestNG.java:1208)
at org.testng.TestNG.runSuites(TestNG.java:1112)
at org.testng.TestNG.run(TestNG.java:1079)
at org.testng.remote.AbstractRemoteTestNG.run(AbstractRemoteTestNG.java:115)
at org.testng.remote.RemoteTestNG.initAndRun(RemoteTestNG.java:293)
at org.testng.remote.RemoteTestNG.main(RemoteTestNG.java:91)
]]>
            </full-stacktrace>
          </exception> <!-- java.sql.SQLException -->
          <reporter-output>
          </reporter-output>
        </test-method> <!-- readData -->
        <test-method signature="Signup()[pri:5, instance:MyPackage.MyTestCases@5b068087]" started-at="2026-06-06T15:45:28 EET" name="Signup" finished-at="2026-06-06T15:45:28 EET" duration-ms="0" status="SKIP">
          <exception class="java.sql.SQLException">
            <message>
              <![CDATA[Access denied for user 'root'@'localhost' (using password: YES)]]>
            </message>
            <full-stacktrace>
              <![CDATA[java.sql.SQLException: Access denied for user 'root'@'localhost' (using password: YES)
at com.mysql.cj.jdbc.exceptions.SQLError.createSQLException(SQLError.java:121)
at com.mysql.cj.jdbc.exceptions.SQLExceptionsMapping.translateException(SQLExceptionsMapping.java:114)
at com.mysql.cj.jdbc.ConnectionImpl.createNewIO(ConnectionImpl.java:840)
at com.mysql.cj.jdbc.ConnectionImpl.<init>(ConnectionImpl.java:416)
at com.mysql.cj.jdbc.ConnectionImpl.getInstance(ConnectionImpl.java:237)
at com.mysql.cj.jdbc.NonRegisteringDriver.connect(NonRegisteringDriver.java:180)
at java.sql/java.sql.DriverManager.getConnection(DriverManager.java:683)
at java.sql/java.sql.DriverManager.getConnection(DriverManager.java:230)
at MyPackage.MyTestCases.mySetup(MyTestCases.java:52)
at java.base/jdk.internal.reflect.DirectMethodHandleAccessor.invoke(DirectMethodHandleAccessor.java:103)
at java.base/java.lang.reflect.Method.invoke(Method.java:580)
at org.testng.internal.invokers.MethodInvocationHelper.invokeMethod(MethodInvocationHelper.java:141)
at org.testng.internal.invokers.MethodInvocationHelper.invokeMethodConsideringTimeout(MethodInvocationHelper.java:71)
at org.testng.internal.invokers.ConfigInvoker.invokeConfigurationMethod(ConfigInvoker.java:400)
at org.testng.internal.invokers.ConfigInvoker.invokeConfigurations(ConfigInvoker.java:333)
at org.testng.TestRunner.invokeTestConfigurations(TestRunner.java:657)
at org.testng.TestRunner.beforeRun(TestRunner.java:646)
at org.testng.TestRunner.run(TestRunner.java:612)
at org.testng.SuiteRunner.runTest(SuiteRunner.java:421)
at org.testng.SuiteRunner.runSequentially(SuiteRunner.java:413)
at org.testng.SuiteRunner.privateRun(SuiteRunner.java:373)
at org.testng.SuiteRunner.run(SuiteRunner.java:312)
at org.testng.SuiteRunnerWorker.runSuite(SuiteRunnerWorker.java:52)
at org.testng.SuiteRunnerWorker.run(SuiteRunnerWorker.java:95)
at org.testng.TestNG.runSuitesSequentially(TestNG.java:1274)
at org.testng.TestNG.runSuitesLocally(TestNG.java:1208)
at org.testng.TestNG.runSuites(TestNG.java:1112)
at org.testng.TestNG.run(TestNG.java:1079)
at org.testng.remote.AbstractRemoteTestNG.run(AbstractRemoteTestNG.java:115)
at org.testng.remote.RemoteTestNG.initAndRun(RemoteTestNG.java:293)
at org.testng.remote.RemoteTestNG.main(RemoteTestNG.java:91)
]]>
            </full-stacktrace>
          </exception> <!-- java.sql.SQLException -->
          <reporter-output>
          </reporter-output>
        </test-method> <!-- Signup -->
        <test-method signature="Logout()[pri:6, instance:MyPackage.MyTestCases@5b068087]" started-at="2026-06-06T15:45:28 EET" name="Logout" finished-at="2026-06-06T15:45:28 EET" duration-ms="0" status="SKIP">
          <exception class="java.sql.SQLException">
            <message>
              <![CDATA[Access denied for user 'root'@'localhost' (using password: YES)]]>
            </message>
            <full-stacktrace>
              <![CDATA[java.sql.SQLException: Access denied for user 'root'@'localhost' (using password: YES)
at com.mysql.cj.jdbc.exceptions.SQLError.createSQLException(SQLError.java:121)
at com.mysql.cj.jdbc.exceptions.SQLExceptionsMapping.translateException(SQLExceptionsMapping.java:114)
at com.mysql.cj.jdbc.ConnectionImpl.createNewIO(ConnectionImpl.java:840)
at com.mysql.cj.jdbc.ConnectionImpl.<init>(ConnectionImpl.java:416)
at com.mysql.cj.jdbc.ConnectionImpl.getInstance(ConnectionImpl.java:237)
at com.mysql.cj.jdbc.NonRegisteringDriver.connect(NonRegisteringDriver.java:180)
at java.sql/java.sql.DriverManager.getConnection(DriverManager.java:683)
at java.sql/java.sql.DriverManager.getConnection(DriverManager.java:230)
at MyPackage.MyTestCases.mySetup(MyTestCases.java:52)
at java.base/jdk.internal.reflect.DirectMethodHandleAccessor.invoke(DirectMethodHandleAccessor.java:103)
at java.base/java.lang.reflect.Method.invoke(Method.java:580)
at org.testng.internal.invokers.MethodInvocationHelper.invokeMethod(MethodInvocationHelper.java:141)
at org.testng.internal.invokers.MethodInvocationHelper.invokeMethodConsideringTimeout(MethodInvocationHelper.java:71)
at org.testng.internal.invokers.ConfigInvoker.invokeConfigurationMethod(ConfigInvoker.java:400)
at org.testng.internal.invokers.ConfigInvoker.invokeConfigurations(ConfigInvoker.java:333)
at org.testng.TestRunner.invokeTestConfigurations(TestRunner.java:657)
at org.testng.TestRunner.beforeRun(TestRunner.java:646)
at org.testng.TestRunner.run(TestRunner.java:612)
at org.testng.SuiteRunner.runTest(SuiteRunner.java:421)
at org.testng.SuiteRunner.runSequentially(SuiteRunner.java:413)
at org.testng.SuiteRunner.privateRun(SuiteRunner.java:373)
at org.testng.SuiteRunner.run(SuiteRunner.java:312)
at org.testng.SuiteRunnerWorker.runSuite(SuiteRunnerWorker.java:52)
at org.testng.SuiteRunnerWorker.run(SuiteRunnerWorker.java:95)
at org.testng.TestNG.runSuitesSequentially(TestNG.java:1274)
at org.testng.TestNG.runSuitesLocally(TestNG.java:1208)
at org.testng.TestNG.runSuites(TestNG.java:1112)
at org.testng.TestNG.run(TestNG.java:1079)
at org.testng.remote.AbstractRemoteTestNG.run(AbstractRemoteTestNG.java:115)
at org.testng.remote.RemoteTestNG.initAndRun(RemoteTestNG.java:293)
at org.testng.remote.RemoteTestNG.main(RemoteTestNG.java:91)
]]>
            </full-stacktrace>
          </exception> <!-- java.sql.SQLException -->
          <reporter-output>
          </reporter-output>
        </test-method> <!-- Logout -->
        <test-method signature="Login()[pri:7, instance:MyPackage.MyTestCases@5b068087]" started-at="2026-06-06T15:45:28 EET" name="Login" finished-at="2026-06-06T15:45:28 EET" duration-ms="0" status="SKIP">
          <exception class="java.sql.SQLException">
            <message>
              <![CDATA[Access denied for user 'root'@'localhost' (using password: YES)]]>
            </message>
            <full-stacktrace>
              <![CDATA[java.sql.SQLException: Access denied for user 'root'@'localhost' (using password: YES)
at com.mysql.cj.jdbc.exceptions.SQLError.createSQLException(SQLError.java:121)
at com.mysql.cj.jdbc.exceptions.SQLExceptionsMapping.translateException(SQLExceptionsMapping.java:114)
at com.mysql.cj.jdbc.ConnectionImpl.createNewIO(ConnectionImpl.java:840)
at com.mysql.cj.jdbc.ConnectionImpl.<init>(ConnectionImpl.java:416)
at com.mysql.cj.jdbc.ConnectionImpl.getInstance(ConnectionImpl.java:237)
at com.mysql.cj.jdbc.NonRegisteringDriver.connect(NonRegisteringDriver.java:180)
at java.sql/java.sql.DriverManager.getConnection(DriverManager.java:683)
at java.sql/java.sql.DriverManager.getConnection(DriverManager.java:230)
at MyPackage.MyTestCases.mySetup(MyTestCases.java:52)
at java.base/jdk.internal.reflect.DirectMethodHandleAccessor.invoke(DirectMethodHandleAccessor.java:103)
at java.base/java.lang.reflect.Method.invoke(Method.java:580)
at org.testng.internal.invokers.MethodInvocationHelper.invokeMethod(MethodInvocationHelper.java:141)
at org.testng.internal.invokers.MethodInvocationHelper.invokeMethodConsideringTimeout(MethodInvocationHelper.java:71)
at org.testng.internal.invokers.ConfigInvoker.invokeConfigurationMethod(ConfigInvoker.java:400)
at org.testng.internal.invokers.ConfigInvoker.invokeConfigurations(ConfigInvoker.java:333)
at org.testng.TestRunner.invokeTestConfigurations(TestRunner.java:657)
at org.testng.TestRunner.beforeRun(TestRunner.java:646)
at org.testng.TestRunner.run(TestRunner.java:612)
at org.testng.SuiteRunner.runTest(SuiteRunner.java:421)
at org.testng.SuiteRunner.runSequentially(SuiteRunner.java:413)
at org.testng.SuiteRunner.privateRun(SuiteRunner.java:373)
at org.testng.SuiteRunner.run(SuiteRunner.java:312)
at org.testng.SuiteRunnerWorker.runSuite(SuiteRunnerWorker.java:52)
at org.testng.SuiteRunnerWorker.run(SuiteRunnerWorker.java:95)
at org.testng.TestNG.runSuitesSequentially(TestNG.java:1274)
at org.testng.TestNG.runSuitesLocally(TestNG.java:1208)
at org.testng.TestNG.runSuites(TestNG.java:1112)
at org.testng.TestNG.run(TestNG.java:1079)
at org.testng.remote.AbstractRemoteTestNG.run(AbstractRemoteTestNG.java:115)
at org.testng.remote.RemoteTestNG.initAndRun(RemoteTestNG.java:293)
at org.testng.remote.RemoteTestNG.main(RemoteTestNG.java:91)
]]>
            </full-stacktrace>
          </exception> <!-- java.sql.SQLException -->
          <reporter-output>
          </reporter-output>
        </test-method> <!-- Login -->
      </class> <!-- MyPackage.MyTestCases -->
    </test> <!-- Default test -->
  </suite> <!-- Default suite -->
</testng-results>
