<?xml version="1.0" encoding="UTF-8"?>
<!-- Generated by org.testng.reporters.JUnitReportReporter -->
<testsuite hostname="LAPTOP-C85SEQCU" failures="0" tests="9" name="MyPackage.MyTestCases" time="4.877" errors="1" timestamp="2026-06-06T15:45:28 EET" skipped="8">
  <testcase classname="MyPackage.MyTestCases" name="mySetup" time="4.877">
    <error message="Access denied for user &#039;root&#039;@&#039;localhost&#039; (using password: YES)" type="java.sql.SQLException">
      <![CDATA[java.sql.SQLException: Access denied for user 'root'@'localhost' (using password: YES)
at com.mysql.cj.jdbc.exceptions.SQLError.createSQLException(SQLError.java:121)
at com.mysql.cj.jdbc.exceptions.SQLExceptionsMapping.translateException(SQLExceptionsMapping.java:114)
at com.mysql.cj.jdbc.ConnectionImpl.createNewIO(ConnectionImpl.java:840)
at com.mysql.cj.jdbc.ConnectionImpl.<init>(ConnectionImpl.java:416)
at com.mysql.cj.jdbc.ConnectionImpl.getInstance(ConnectionImpl.java:237)
at com.mysql.cj.jdbc.NonRegisteringDriver.connect(NonRegisteringDriver.java:180)
at java.sql/java.sql.DriverManager.getConnection(DriverManager.java:683)
at java.sql/java.sql.DriverManager.getConnection(DriverManager.java:230)
at MyPackage.MyTestCases.mySetup(MyTestCases.java:52)
at java.base/jdk.internal.reflect.DirectMethodHandleAccessor.invoke(DirectMethodHandleAccessor.java:103)
at java.base/java.lang.reflect.Method.invoke(Method.java:580)
at org.testng.internal.invokers.MethodInvocationHelper.invokeMethod(MethodInvocationHelper.java:141)
at org.testng.internal.invokers.MethodInvocationHelper.invokeMethodConsideringTimeout(MethodInvocationHelper.java:71)
at org.testng.internal.invokers.ConfigInvoker.invokeConfigurationMethod(ConfigInvoker.java:400)
at org.testng.internal.invokers.ConfigInvoker.invokeConfigurations(ConfigInvoker.java:333)
at org.testng.TestRunner.invokeTestConfigurations(TestRunner.java:657)
at org.testng.TestRunner.beforeRun(TestRunner.java:646)
at org.testng.TestRunner.run(TestRunner.java:612)
at org.testng.SuiteRunner.runTest(SuiteRunner.java:421)
at org.testng.SuiteRunner.runSequentially(SuiteRunner.java:413)
at org.testng.SuiteRunner.privateRun(SuiteRunner.java:373)
at org.testng.SuiteRunner.run(SuiteRunner.java:312)
at org.testng.SuiteRunnerWorker.runSuite(SuiteRunnerWorker.java:52)
at org.testng.SuiteRunnerWorker.run(SuiteRunnerWorker.java:95)
at org.testng.TestNG.runSuitesSequentially(TestNG.java:1274)
at org.testng.TestNG.runSuitesLocally(TestNG.java:1208)
at org.testng.TestNG.runSuites(TestNG.java:1112)
at org.testng.TestNG.run(TestNG.java:1079)
at org.testng.remote.AbstractRemoteTestNG.run(AbstractRemoteTestNG.java:115)
at org.testng.remote.RemoteTestNG.initAndRun(RemoteTestNG.java:293)
at org.testng.remote.RemoteTestNG.main(RemoteTestNG.java:91)
]]>
    </error>
  </testcase> <!-- mySetup -->
  <testcase classname="MyPackage.MyTestCases" name="readData" time="0.000">
    <skipped/>
  </testcase> <!-- readData -->
  <testcase classname="MyPackage.MyTestCases" name="Signup" time="0.000">
    <skipped/>
  </testcase> <!-- Signup -->
  <testcase classname="MyPackage.MyTestCases" name="Logout" time="0.000">
    <skipped/>
  </testcase> <!-- Logout -->
  <testcase classname="MyPackage.MyTestCases" name="Login" time="0.000">
    <skipped/>
  </testcase> <!-- Login -->
  <testcase classname="MyPackage.MyTestCases" name="DeleteData2">
    <skipped/>
  </testcase> <!-- DeleteData2 -->
  <testcase classname="MyPackage.MyTestCases" name="DeleteData">
    <skipped/>
  </testcase> <!-- DeleteData -->
  <testcase classname="MyPackage.MyTestCases" name="InsertData">
    <skipped/>
  </testcase> <!-- InsertData -->
  <testcase classname="MyPackage.MyTestCases" name="updateData">
    <skipped/>
  </testcase> <!-- updateData -->
</testsuite> <!-- MyPackage.MyTestCases -->
